# JRE version: Java(TM) SE Runtime Environment (8.0_181-b13) (build 1.8.0_181-b13)
# Java VM: Java HotSpot(TM) 64-Bit Server VM (25.181-b13 mixed mode windows-amd64 compressed oops)
Heap:
 PSYoungGen      total 580608K, used 206598K [0x00000000d5580000, 0x0000000100000000, 0x0000000100000000)
  eden space 496128K, 30% used [0x00000000d5580000,0x00000000deb02a48,0x00000000f3a00000)
  from space 84480K, 63% used [0x00000000fad80000,0x00000000fe1beee8,0x0000000100000000)
  to   space 101376K, 0% used [0x00000000f3a00000,0x00000000f3a00000,0x00000000f9d00000)
 ParOldGen       total 432128K, used 222856K [0x0000000080000000, 0x000000009a600000, 0x00000000d5580000)
  object space 432128K, 51% used [0x0000000080000000,0x000000008d9a2350,0x000000009a600000)
 Metaspace       used 114378K, capacity 124492K, committed 124696K, reserved 1155072K
  class space    used 15644K, capacity 18075K, committed 18200K, reserved 1048576K
GC Heap History (10 events):
Event: 35.984 GC heap before
{Heap before GC invocations=16 (full 3):
 PSYoungGen      total 628224K, used 628216K [0x00000000d5580000, 0x0000000100000000, 0x0000000100000000)
  eden space 586240K, 100% used [0x00000000d5580000,0x00000000f9200000,0x00000000f9200000)
  from space 41984K, 99% used [0x00000000fd700000,0x00000000ffffe030,0x0000000100000000)
  to   space 56320K, 0% used [0x00000000f9200000,0x00000000f9200000,0x00000000fc900000)
 ParOldGen       total 200704K, used 62668K [0x0000000080000000, 0x000000008c400000, 0x00000000d5580000)
  object space 200704K, 31% used [0x0000000080000000,0x0000000083d333b8,0x000000008c400000)
 Metaspace       used 79759K, capacity 87634K, committed 87832K, reserved 1124352K
  class space    used 11237K, capacity 13309K, committed 13336K, reserved 1048576K
Event: 36.102 GC heap after
Heap after GC invocations=16 (full 3):
 PSYoungGen      total 642560K, used 56302K [0x00000000d5580000, 0x0000000100000000, 0x0000000100000000)
  eden space 586240K, 0% used [0x00000000d5580000,0x00000000d5580000,0x00000000f9200000)
  from space 56320K, 99% used [0x00000000f9200000,0x00000000fc8fba18,0x00000000fc900000)
  to   space 56320K, 0% used [0x00000000fc900000,0x00000000fc900000,0x0000000100000000)
 ParOldGen       total 200704K, used 120864K [0x0000000080000000, 0x000000008c400000, 0x00000000d5580000)
  object space 200704K, 60% used [0x0000000080000000,0x0000000087608190,0x000000008c400000)
 Metaspace       used 79759K, capacity 87634K, committed 87832K, reserved 1124352K
  class space    used 11237K, capacity 13309K, committed 13336K, reserved 1048576K
}
Event: 41.626 GC heap before
{Heap before GC invocations=17 (full 3):
 PSYoungGen      total 642560K, used 522076K [0x00000000d5580000, 0x0000000100000000, 0x0000000100000000)
  eden space 586240K, 79% used [0x00000000d5580000,0x00000000f1c5b9c8,0x00000000f9200000)
  from space 56320K, 99% used [0x00000000f9200000,0x00000000fc8fba18,0x00000000fc900000)
  to   space 56320K, 0% used [0x00000000fc900000,0x00000000fc900000,0x0000000100000000)
 ParOldGen       total 200704K, used 120864K [0x0000000080000000, 0x000000008c400000, 0x00000000d5580000)
  object space 200704K, 60% used [0x0000000080000000,0x0000000087608190,0x000000008c400000)
 Metaspace       used 90219K, capacity 98502K, committed 98600K, reserved 1132544K
  class space    used 12594K, capacity 14724K, committed 14744K, reserved 1048576K
Event: 41.713 GC heap after
Heap after GC invocations=17 (full 3):
 PSYoungGen      total 586240K, used 39061K [0x00000000d5580000, 0x0000000100000000, 0x0000000100000000)
  eden space 529920K, 0% used [0x00000000d5580000,0x00000000d5580000,0x00000000f5b00000)
  from space 56320K, 69% used [0x00000000fc900000,0x00000000fef255f0,0x0000000100000000)
  to   space 84480K, 0% used [0x00000000f5b00000,0x00000000f5b00000,0x00000000fad80000)
 ParOldGen       total 200704K, used 175431K [0x0000000080000000, 0x000000008c400000, 0x00000000d5580000)
  object space 200704K, 87% used [0x0000000080000000,0x000000008ab51f60,0x000000008c400000)
 Metaspace       used 90219K, capacity 98502K, committed 98600K, reserved 1132544K
  class space    used 12594K, capacity 14724K, committed 14744K, reserved 1048576K
}
Event: 41.713 GC heap before
{Heap before GC invocations=18 (full 4):
 PSYoungGen      total 586240K, used 39061K [0x00000000d5580000, 0x0000000100000000, 0x0000000100000000)
  eden space 529920K, 0% used [0x00000000d5580000,0x00000000d5580000,0x00000000f5b00000)
  from space 56320K, 69% used [0x00000000fc900000,0x00000000fef255f0,0x0000000100000000)
  to   space 84480K, 0% used [0x00000000f5b00000,0x00000000f5b00000,0x00000000fad80000)
 ParOldGen       total 200704K, used 175431K [0x0000000080000000, 0x000000008c400000, 0x00000000d5580000)
  object space 200704K, 87% used [0x0000000080000000,0x000000008ab51f60,0x000000008c400000)
 Metaspace       used 90219K, capacity 98502K, committed 98600K, reserved 1132544K
  class space    used 12594K, capacity 14724K, committed 14744K, reserved 1048576K
Event: 42.397 GC heap after
Heap after GC invocations=18 (full 4):
 PSYoungGen      total 586240K, used 0K [0x00000000d5580000, 0x0000000100000000, 0x0000000100000000)
  eden space 529920K, 0% used [0x00000000d5580000,0x00000000d5580000,0x00000000f5b00000)
  from space 56320K, 0% used [0x00000000fc900000,0x00000000fc900000,0x0000000100000000)
  to   space 84480K, 0% used [0x00000000f5b00000,0x00000000f5b00000,0x00000000fad80000)
 ParOldGen       total 432128K, used 193043K [0x0000000080000000, 0x000000009a600000, 0x00000000d5580000)
  object space 432128K, 44% used [0x0000000080000000,0x000000008bc84da8,0x000000009a600000)
 Metaspace       used 90208K, capacity 98470K, committed 98600K, reserved 1132544K
  class space    used 12590K, capacity 14718K, committed 14744K, reserved 1048576K
}
Event: 163.858 GC heap before
{Heap before GC invocations=19 (full 4):
 PSYoungGen      total 586240K, used 529920K [0x00000000d5580000, 0x0000000100000000, 0x0000000100000000)
  eden space 529920K, 100% used [0x00000000d5580000,0x00000000f5b00000,0x00000000f5b00000)
  from space 56320K, 0% used [0x00000000fc900000,0x00000000fc900000,0x0000000100000000)
  to   space 84480K, 0% used [0x00000000f5b00000,0x00000000f5b00000,0x00000000fad80000)
 ParOldGen       total 432128K, used 193043K [0x0000000080000000, 0x000000009a600000, 0x00000000d5580000)
  object space 432128K, 44% used [0x0000000080000000,0x000000008bc84da8,0x000000009a600000)
 Metaspace       used 104172K, capacity 112862K, committed 113176K, reserved 1146880K
  class space    used 14138K, capacity 16356K, committed 16408K, reserved 1048576K
Event: 164.076 GC heap after
Heap after GC invocations=19 (full 4):
 PSYoungGen      total 614400K, used 84474K [0x00000000d5580000, 0x0000000100000000, 0x0000000100000000)
  eden space 529920K, 0% used [0x00000000d5580000,0x00000000d5580000,0x00000000f5b00000)
  from space 84480K, 99% used [0x00000000f5b00000,0x00000000fad7e800,0x00000000fad80000)
  to   space 84480K, 0% used [0x00000000fad80000,0x00000000fad80000,0x0000000100000000)
 ParOldGen       total 432128K, used 202746K [0x0000000080000000, 0x000000009a600000, 0x00000000d5580000)
  object space 432128K, 46% used [0x0000000080000000,0x000000008c5fea28,0x000000009a600000)
 Metaspace       used 104172K, capacity 112862K, committed 113176K, reserved 1146880K
  class space    used 14138K, capacity 16356K, committed 16408K, reserved 1048576K
}
Event: 183.641 GC heap before
{Heap before GC invocations=20 (full 4):
 PSYoungGen      total 614400K, used 614394K [0x00000000d5580000, 0x0000000100000000, 0x0000000100000000)
  eden space 529920K, 100% used [0x00000000d5580000,0x00000000f5b00000,0x00000000f5b00000)
  from space 84480K, 99% used [0x00000000f5b00000,0x00000000fad7e800,0x00000000fad80000)
  to   space 84480K, 0% used [0x00000000fad80000,0x00000000fad80000,0x0000000100000000)
 ParOldGen       total 432128K, used 202746K [0x0000000080000000, 0x000000009a600000, 0x00000000d5580000)
  object space 432128K, 46% used [0x0000000080000000,0x000000008c5fea28,0x000000009a600000)
 Metaspace       used 106276K, capacity 115498K, committed 115608K, reserved 1148928K
  class space    used 14401K, capacity 16702K, committed 16792K, reserved 1048576K
Event: 183.744 GC heap after
Heap after GC invocations=20 (full 4):
 PSYoungGen      total 580608K, used 53499K [0x00000000d5580000, 0x0000000100000000, 0x0000000100000000)
  eden space 496128K, 0% used [0x00000000d5580000,0x00000000d5580000,0x00000000f3a00000)
  from space 84480K, 63% used [0x00000000fad80000,0x00000000fe1beee8,0x0000000100000000)
  to   space 101376K, 0% used [0x00000000f3a00000,0x00000000f3a00000,0x00000000f9d00000)
 ParOldGen       total 432128K, used 222856K [0x0000000080000000, 0x000000009a600000, 0x00000000d5580000)
  object space 432128K, 51% used [0x0000000080000000,0x000000008d9a2350,0x000000009a600000)
 Metaspace       used 106276K, capacity 115498K, committed 115608K, reserved 1148928K
  class space    used 14401K, capacity 16702K, committed 16792K, reserved 1048576K
}

