# JRE version: Java(TM) SE Runtime Environment (8.0_181-b13) (build 1.8.0_181-b13)
# Java VM: Java HotSpot(TM) 64-Bit Server VM (25.181-b13 mixed mode windows-amd64 compressed oops)
Heap:
 PSYoungGen      total 168960K, used 168928K [0x00000000d5580000, 0x00000000e0880000, 0x0000000100000000)
  eden space 156672K, 100% used [0x00000000d5580000,0x00000000dee80000,0x00000000dee80000)
  from space 12288K, 99% used [0x00000000df080000,0x00000000dfc78020,0x00000000dfc80000)
  to   space 10240K, 50% used [0x00000000dfe80000,0x00000000e0395a20,0x00000000e0880000)
 ParOldGen       total 97792K, used 35482K [0x0000000080000000, 0x0000000085f80000, 0x00000000d5580000)
  object space 97792K, 36% used [0x0000000080000000,0x00000000822a6ad0,0x0000000085f80000)
 Metaspace       used 41510K, capacity 43660K, committed 43688K, reserved 1087488K
  class space    used 5749K, capacity 6292K, committed 6312K, reserved 1048576K
GC Heap History (10 events):
Event: 6.365 GC heap after
Heap after GC invocations=7 (full 1):
 PSYoungGen      total 116224K, used 11158K [0x00000000d5580000, 0x00000000dd480000, 0x0000000100000000)
  eden space 104448K, 0% used [0x00000000d5580000,0x00000000d5580000,0x00000000dbb80000)
  from space 11776K, 94% used [0x00000000dc800000,0x00000000dd2e5b38,0x00000000dd380000)
  to   space 12800K, 0% used [0x00000000dbb80000,0x00000000dbb80000,0x00000000dc800000)
 ParOldGen       total 97792K, used 8267K [0x0000000080000000, 0x0000000085f80000, 0x00000000d5580000)
  object space 97792K, 8% used [0x0000000080000000,0x0000000080812da0,0x0000000085f80000)
 Metaspace       used 33573K, capacity 34818K, committed 34944K, reserved 1079296K
  class space    used 4659K, capacity 4942K, committed 4992K, reserved 1048576K
}
Event: 10.535 GC heap before
{Heap before GC invocations=8 (full 1):
 PSYoungGen      total 116224K, used 115606K [0x00000000d5580000, 0x00000000dd480000, 0x0000000100000000)
  eden space 104448K, 100% used [0x00000000d5580000,0x00000000dbb80000,0x00000000dbb80000)
  from space 11776K, 94% used [0x00000000dc800000,0x00000000dd2e5b38,0x00000000dd380000)
  to   space 12800K, 0% used [0x00000000dbb80000,0x00000000dbb80000,0x00000000dc800000)
 ParOldGen       total 97792K, used 8267K [0x0000000080000000, 0x0000000085f80000, 0x00000000d5580000)
  object space 97792K, 8% used [0x0000000080000000,0x0000000080812da0,0x0000000085f80000)
 Metaspace       used 33583K, capacity 34818K, committed 34944K, reserved 1079296K
  class space    used 4659K, capacity 4942K, committed 4992K, reserved 1048576K
Event: 10.553 GC heap after
Heap after GC invocations=8 (full 1):
 PSYoungGen      total 117248K, used 9125K [0x00000000d5580000, 0x00000000e0a80000, 0x0000000100000000)
  eden space 104448K, 0% used [0x00000000d5580000,0x00000000d5580000,0x00000000dbb80000)
  from space 12800K, 71% used [0x00000000dbb80000,0x00000000dc4696c0,0x00000000dc800000)
  to   space 12288K, 0% used [0x00000000dfe80000,0x00000000dfe80000,0x00000000e0a80000)
 ParOldGen       total 97792K, used 8267K [0x0000000080000000, 0x0000000085f80000, 0x00000000d5580000)
  object space 97792K, 8% used [0x0000000080000000,0x0000000080812da0,0x0000000085f80000)
 Metaspace       used 33583K, capacity 34818K, committed 34944K, reserved 1079296K
  class space    used 4659K, capacity 4942K, committed 4992K, reserved 1048576K
}
Event: 13.441 GC heap before
{Heap before GC invocations=9 (full 1):
 PSYoungGen      total 117248K, used 89711K [0x00000000d5580000, 0x00000000e0a80000, 0x0000000100000000)
  eden space 104448K, 77% used [0x00000000d5580000,0x00000000da432860,0x00000000dbb80000)
  from space 12800K, 71% used [0x00000000dbb80000,0x00000000dc4696c0,0x00000000dc800000)
  to   space 12288K, 0% used [0x00000000dfe80000,0x00000000dfe80000,0x00000000e0a80000)
 ParOldGen       total 97792K, used 8267K [0x0000000080000000, 0x0000000085f80000, 0x00000000d5580000)
  object space 97792K, 8% used [0x0000000080000000,0x0000000080812da0,0x0000000085f80000)
 Metaspace       used 33994K, capacity 35314K, committed 35496K, reserved 1079296K
  class space    used 4722K, capacity 5004K, committed 5032K, reserved 1048576K
Event: 13.461 GC heap after
Heap after GC invocations=9 (full 1):
 PSYoungGen      total 166912K, used 9989K [0x00000000d5580000, 0x00000000e0880000, 0x0000000100000000)
  eden space 156672K, 0% used [0x00000000d5580000,0x00000000d5580000,0x00000000dee80000)
  from space 10240K, 97% used [0x00000000dfe80000,0x00000000e0841680,0x00000000e0880000)
  to   space 12288K, 0% used [0x00000000df080000,0x00000000df080000,0x00000000dfc80000)
 ParOldGen       total 97792K, used 8275K [0x0000000080000000, 0x0000000085f80000, 0x00000000d5580000)
  object space 97792K, 8% used [0x0000000080000000,0x0000000080814da0,0x0000000085f80000)
 Metaspace       used 33994K, capacity 35314K, committed 35496K, reserved 1079296K
  class space    used 4722K, capacity 5004K, committed 5032K, reserved 1048576K
}
Event: 13.461 GC heap before
{Heap before GC invocations=10 (full 2):
 PSYoungGen      total 166912K, used 9989K [0x00000000d5580000, 0x00000000e0880000, 0x0000000100000000)
  eden space 156672K, 0% used [0x00000000d5580000,0x00000000d5580000,0x00000000dee80000)
  from space 10240K, 97% used [0x00000000dfe80000,0x00000000e0841680,0x00000000e0880000)
  to   space 12288K, 0% used [0x00000000df080000,0x00000000df080000,0x00000000dfc80000)
 ParOldGen       total 97792K, used 8275K [0x0000000080000000, 0x0000000085f80000, 0x00000000d5580000)
  object space 97792K, 8% used [0x0000000080000000,0x0000000080814da0,0x0000000085f80000)
 Metaspace       used 33994K, capacity 35314K, committed 35496K, reserved 1079296K
  class space    used 4722K, capacity 5004K, committed 5032K, reserved 1048576K
Event: 13.533 GC heap after
Heap after GC invocations=10 (full 2):
 PSYoungGen      total 166912K, used 0K [0x00000000d5580000, 0x00000000e0880000, 0x0000000100000000)
  eden space 156672K, 0% used [0x00000000d5580000,0x00000000d5580000,0x00000000dee80000)
  from space 10240K, 0% used [0x00000000dfe80000,0x00000000dfe80000,0x00000000e0880000)
  to   space 12288K, 0% used [0x00000000df080000,0x00000000df080000,0x00000000dfc80000)
 ParOldGen       total 97792K, used 16850K [0x0000000080000000, 0x0000000085f80000, 0x00000000d5580000)
  object space 97792K, 17% used [0x0000000080000000,0x0000000081074930,0x0000000085f80000)
 Metaspace       used 33994K, capacity 35314K, committed 35496K, reserved 1079296K
  class space    used 4722K, capacity 5004K, committed 5032K, reserved 1048576K
}
Event: 16.211 GC heap before
{Heap before GC invocations=11 (full 2):
 PSYoungGen      total 166912K, used 156672K [0x00000000d5580000, 0x00000000e0880000, 0x0000000100000000)
  eden space 156672K, 100% used [0x00000000d5580000,0x00000000dee80000,0x00000000dee80000)
  from space 10240K, 0% used [0x00000000dfe80000,0x00000000dfe80000,0x00000000e0880000)
  to   space 12288K, 0% used [0x00000000df080000,0x00000000df080000,0x00000000dfc80000)
 ParOldGen       total 97792K, used 16850K [0x0000000080000000, 0x0000000085f80000, 0x00000000d5580000)
  object space 97792K, 17% used [0x0000000080000000,0x0000000081074930,0x0000000085f80000)
 Metaspace       used 34375K, capacity 35816K, committed 36136K, reserved 1081344K
  class space    used 4749K, capacity 5072K, committed 5160K, reserved 1048576K
Event: 16.286 GC heap after
Heap after GC invocations=11 (full 2):
 PSYoungGen      total 168960K, used 12256K [0x00000000d5580000, 0x00000000e0880000, 0x0000000100000000)
  eden space 156672K, 0% used [0x00000000d5580000,0x00000000d5580000,0x00000000dee80000)
  from space 12288K, 99% used [0x00000000df080000,0x00000000dfc78020,0x00000000dfc80000)
  to   space 10240K, 0% used [0x00000000dfe80000,0x00000000dfe80000,0x00000000e0880000)
 ParOldGen       total 97792K, used 35482K [0x0000000080000000, 0x0000000085f80000, 0x00000000d5580000)
  object space 97792K, 36% used [0x0000000080000000,0x00000000822a6ad0,0x0000000085f80000)
 Metaspace       used 34375K, capacity 35816K, committed 36136K, reserved 1081344K
  class space    used 4749K, capacity 5072K, committed 5160K, reserved 1048576K
}
Event: 20.012 GC heap before
{Heap before GC invocations=12 (full 2):
 PSYoungGen      total 168960K, used 168928K [0x00000000d5580000, 0x00000000e0880000, 0x0000000100000000)
  eden space 156672K, 100% used [0x00000000d5580000,0x00000000dee80000,0x00000000dee80000)
  from space 12288K, 99% used [0x00000000df080000,0x00000000dfc78020,0x00000000dfc80000)
  to   space 10240K, 0% used [0x00000000dfe80000,0x00000000dfe80000,0x00000000e0880000)
 ParOldGen       total 97792K, used 35482K [0x0000000080000000, 0x0000000085f80000, 0x00000000d5580000)
  object space 97792K, 36% used [0x0000000080000000,0x00000000822a6ad0,0x0000000085f80000)
 Metaspace       used 41510K, capacity 43660K, committed 43688K, reserved 1087488K
  class space    used 5749K, capacity 6292K, committed 6312K, reserved 1048576K

