# JRE version: Java(TM) SE Runtime Environment (8.0_181-b13) (build 1.8.0_181-b13)
# Java VM: Java HotSpot(TM) 64-Bit Server VM (25.181-b13 mixed mode windows-amd64 compressed oops)
Heap:
 PSYoungGen      total 420864K, used 232687K [0x00000000d5580000, 0x00000000f3080000, 0x0000000100000000)
  eden space 385024K, 51% used [0x00000000d5580000,0x00000000e15c0db0,0x00000000ecd80000)
  from space 35840K, 99% used [0x00000000f0d80000,0x00000000f307b0a8,0x00000000f3080000)
  to   space 41984K, 0% used [0x00000000ede80000,0x00000000ede80000,0x00000000f0780000)
 ParOldGen       total 245760K, used 159119K [0x0000000080000000, 0x000000008f000000, 0x00000000d5580000)
  object space 245760K, 64% used [0x0000000080000000,0x0000000089b63d40,0x000000008f000000)
 Metaspace       used 80572K, capacity 88686K, committed 89000K, reserved 1124352K
  class space    used 11325K, capacity 13366K, committed 13480K, reserved 1048576K
GC Heap History (10 events):
Event: 56.415 GC heap before
{Heap before GC invocations=15 (full 2):
 PSYoungGen      total 309760K, used 200352K [0x00000000d5580000, 0x00000000ea300000, 0x0000000100000000)
  eden space 288256K, 62% used [0x00000000d5580000,0x00000000e06712e0,0x00000000e6f00000)
  from space 21504K, 89% used [0x00000000e8e00000,0x00000000ea0b7050,0x00000000ea300000)
  to   space 26624K, 0% used [0x00000000e6f00000,0x00000000e6f00000,0x00000000e8900000)
 ParOldGen       total 148992K, used 48477K [0x0000000080000000, 0x0000000089180000, 0x00000000d5580000)
  object space 148992K, 32% used [0x0000000080000000,0x0000000082f57648,0x0000000089180000)
 Metaspace       used 55988K, capacity 59122K, committed 59160K, reserved 1099776K
  class space    used 7626K, capacity 8352K, committed 8360K, reserved 1048576K
Event: 56.628 GC heap after
Heap after GC invocations=15 (full 2):
 PSYoungGen      total 314880K, used 26604K [0x00000000d5580000, 0x00000000f3200000, 0x0000000100000000)
  eden space 288256K, 0% used [0x00000000d5580000,0x00000000d5580000,0x00000000e6f00000)
  from space 26624K, 99% used [0x00000000e6f00000,0x00000000e88fb220,0x00000000e8900000)
  to   space 37376K, 0% used [0x00000000f0d80000,0x00000000f0d80000,0x00000000f3200000)
 ParOldGen       total 148992K, used 67474K [0x0000000080000000, 0x0000000089180000, 0x00000000d5580000)
  object space 148992K, 45% used [0x0000000080000000,0x00000000841e4b78,0x0000000089180000)
 Metaspace       used 55988K, capacity 59122K, committed 59160K, reserved 1099776K
  class space    used 7626K, capacity 8352K, committed 8360K, reserved 1048576K
}
Event: 56.628 GC heap before
{Heap before GC invocations=16 (full 3):
 PSYoungGen      total 314880K, used 26604K [0x00000000d5580000, 0x00000000f3200000, 0x0000000100000000)
  eden space 288256K, 0% used [0x00000000d5580000,0x00000000d5580000,0x00000000e6f00000)
  from space 26624K, 99% used [0x00000000e6f00000,0x00000000e88fb220,0x00000000e8900000)
  to   space 37376K, 0% used [0x00000000f0d80000,0x00000000f0d80000,0x00000000f3200000)
 ParOldGen       total 148992K, used 67474K [0x0000000080000000, 0x0000000089180000, 0x00000000d5580000)
  object space 148992K, 45% used [0x0000000080000000,0x00000000841e4b78,0x0000000089180000)
 Metaspace       used 55988K, capacity 59122K, committed 59160K, reserved 1099776K
  class space    used 7626K, capacity 8352K, committed 8360K, reserved 1048576K
Event: 57.430 GC heap after
Heap after GC invocations=16 (full 3):
 PSYoungGen      total 314880K, used 0K [0x00000000d5580000, 0x00000000f3200000, 0x0000000100000000)
  eden space 288256K, 0% used [0x00000000d5580000,0x00000000d5580000,0x00000000e6f00000)
  from space 26624K, 0% used [0x00000000e6f00000,0x00000000e6f00000,0x00000000e8900000)
  to   space 37376K, 0% used [0x00000000f0d80000,0x00000000f0d80000,0x00000000f3200000)
 ParOldGen       total 245760K, used 65079K [0x0000000080000000, 0x000000008f000000, 0x00000000d5580000)
  object space 245760K, 26% used [0x0000000080000000,0x0000000083f8dfa8,0x000000008f000000)
 Metaspace       used 55957K, capacity 59020K, committed 59160K, reserved 1099776K
  class space    used 7617K, capacity 8335K, committed 8360K, reserved 1048576K
}
Event: 67.799 GC heap before
{Heap before GC invocations=17 (full 3):
 PSYoungGen      total 314880K, used 288256K [0x00000000d5580000, 0x00000000f3200000, 0x0000000100000000)
  eden space 288256K, 100% used [0x00000000d5580000,0x00000000e6f00000,0x00000000e6f00000)
  from space 26624K, 0% used [0x00000000e6f00000,0x00000000e6f00000,0x00000000e8900000)
  to   space 37376K, 0% used [0x00000000f0d80000,0x00000000f0d80000,0x00000000f3200000)
 ParOldGen       total 245760K, used 65079K [0x0000000080000000, 0x000000008f000000, 0x00000000d5580000)
  object space 245760K, 26% used [0x0000000080000000,0x0000000083f8dfa8,0x000000008f000000)
 Metaspace       used 66891K, capacity 71788K, committed 71976K, reserved 1110016K
  class space    used 9358K, capacity 10705K, committed 10792K, reserved 1048576K
Event: 67.921 GC heap after
Heap after GC invocations=17 (full 3):
 PSYoungGen      total 420864K, used 35508K [0x00000000d5580000, 0x00000000f3080000, 0x0000000100000000)
  eden space 385024K, 0% used [0x00000000d5580000,0x00000000d5580000,0x00000000ecd80000)
  from space 35840K, 99% used [0x00000000f0d80000,0x00000000f302d060,0x00000000f3080000)
  to   space 41984K, 0% used [0x00000000ede80000,0x00000000ede80000,0x00000000f0780000)
 ParOldGen       total 245760K, used 65087K [0x0000000080000000, 0x000000008f000000, 0x00000000d5580000)
  object space 245760K, 26% used [0x0000000080000000,0x0000000083f8ffa8,0x000000008f000000)
 Metaspace       used 66891K, capacity 71788K, committed 71976K, reserved 1110016K
  class space    used 9358K, capacity 10705K, committed 10792K, reserved 1048576K
}
Event: 75.147 GC heap before
{Heap before GC invocations=18 (full 3):
 PSYoungGen      total 420864K, used 420532K [0x00000000d5580000, 0x00000000f3080000, 0x0000000100000000)
  eden space 385024K, 100% used [0x00000000d5580000,0x00000000ecd80000,0x00000000ecd80000)
  from space 35840K, 99% used [0x00000000f0d80000,0x00000000f302d060,0x00000000f3080000)
  to   space 41984K, 0% used [0x00000000ede80000,0x00000000ede80000,0x00000000f0780000)
 ParOldGen       total 245760K, used 65087K [0x0000000080000000, 0x000000008f000000, 0x00000000d5580000)
  object space 245760K, 26% used [0x0000000080000000,0x0000000083f8ffa8,0x000000008f000000)
 Metaspace       used 79593K, capacity 87460K, committed 87592K, reserved 1124352K
  class space    used 11236K, capacity 13281K, committed 13352K, reserved 1048576K
Event: 75.315 GC heap after
Heap after GC invocations=18 (full 3):
 PSYoungGen      total 427008K, used 41952K [0x00000000d5580000, 0x00000000f3080000, 0x0000000100000000)
  eden space 385024K, 0% used [0x00000000d5580000,0x00000000d5580000,0x00000000ecd80000)
  from space 41984K, 99% used [0x00000000ede80000,0x00000000f0778010,0x00000000f0780000)
  to   space 35840K, 0% used [0x00000000f0d80000,0x00000000f0d80000,0x00000000f3080000)
 ParOldGen       total 245760K, used 113609K [0x0000000080000000, 0x000000008f000000, 0x00000000d5580000)
  object space 245760K, 46% used [0x0000000080000000,0x0000000086ef2668,0x000000008f000000)
 Metaspace       used 79593K, capacity 87460K, committed 87592K, reserved 1124352K
  class space    used 11236K, capacity 13281K, committed 13352K, reserved 1048576K
}
Event: 79.201 GC heap before
{Heap before GC invocations=19 (full 3):
 PSYoungGen      total 427008K, used 426976K [0x00000000d5580000, 0x00000000f3080000, 0x0000000100000000)
  eden space 385024K, 100% used [0x00000000d5580000,0x00000000ecd80000,0x00000000ecd80000)
  from space 41984K, 99% used [0x00000000ede80000,0x00000000f0778010,0x00000000f0780000)
  to   space 35840K, 0% used [0x00000000f0d80000,0x00000000f0d80000,0x00000000f3080000)
 ParOldGen       total 245760K, used 113609K [0x0000000080000000, 0x000000008f000000, 0x00000000d5580000)
  object space 245760K, 46% used [0x0000000080000000,0x0000000086ef2668,0x000000008f000000)
 Metaspace       used 79846K, capacity 87714K, committed 87848K, reserved 1124352K
  class space    used 11246K, capacity 13288K, committed 13352K, reserved 1048576K
Event: 79.355 GC heap after
Heap after GC invocations=19 (full 3):
 PSYoungGen      total 420864K, used 35820K [0x00000000d5580000, 0x00000000f3080000, 0x0000000100000000)
  eden space 385024K, 0% used [0x00000000d5580000,0x00000000d5580000,0x00000000ecd80000)
  from space 35840K, 99% used [0x00000000f0d80000,0x00000000f307b0a8,0x00000000f3080000)
  to   space 41984K, 0% used [0x00000000ede80000,0x00000000ede80000,0x00000000f0780000)
 ParOldGen       total 245760K, used 159119K [0x0000000080000000, 0x000000008f000000, 0x00000000d5580000)
  object space 245760K, 64% used [0x0000000080000000,0x0000000089b63d40,0x000000008f000000)
 Metaspace       used 79846K, capacity 87714K, committed 87848K, reserved 1124352K
  class space    used 11246K, capacity 13288K, committed 13352K, reserved 1048576K
}

